<?xml version="1.0" encoding="UTF-8"?>
<!-- Generated by org.testng.reporters.JUnitXMLReporter -->
<testsuite ignored="6" hostname="TYSS-Dilip-Chakkarabani" failures="0" tests="1" name="Default test" time="39.653" errors="0" timestamp="2025-05-02T23:30:35 IST">
  <testcase classname="com_taskMaster_adminTest.NewUserRegisterTest" name="emptyFieldValidationOfRegisterationTest" time="26.082"/>
  <testcase classname="com_taskMaster_adminTest.NewUserRegisterTest" name="verifyNewRegisterationTest" time="0.0">
    <ignored/>
  </testcase> <!-- verifyNewRegisterationTest -->
  <testcase classname="com_taskMaster_adminTest.NewUserRegisterTest" name="verifyAssignTaskPageTest" time="0.0">
    <ignored/>
  </testcase> <!-- verifyAssignTaskPageTest -->
  <testcase classname="com_taskMaster_adminTest.NewUserRegisterTest" name="verifyNewRegisterationTextfieldTest" time="0.0">
    <ignored/>
  </testcase> <!-- verifyNewRegisterationTextfieldTest -->
  <testcase classname="com_taskMaster_adminTest.NewUserRegisterTest" name="checkTheContextView" time="0.0">
    <ignored/>
  </testcase> <!-- checkTheContextView -->
  <testcase classname="com_taskMaster_adminTest.NewUserRegisterTest" name="newUserAddingFacilityTest" time="0.0">
    <ignored/>
  </testcase> <!-- newUserAddingFacilityTest -->
  <testcase classname="com_taskMaster_adminTest.NewUserRegisterTest" name="verfiyListYourFacilityPageTest" time="0.0">
    <ignored/>
  </testcase> <!-- verfiyListYourFacilityPageTest -->
</testsuite> <!-- Default test -->
