<?xml version="1.0" encoding="UTF-8"?>
<testng-results ignored="0" total="1" passed="1" failed="0" skipped="0">
  <reporter-output>
  </reporter-output>
  <suite started-at="2025-04-16T12:23:11 IST" name="Default suite" finished-at="2025-04-16T12:23:27 IST" duration-ms="15803">
    <groups>
    </groups>
    <test started-at="2025-04-16T12:23:11 IST" name="Default test" finished-at="2025-04-16T12:23:27 IST" duration-ms="15803">
      <class name="com_taskMaster_adminTest.AdminLoginTest">
        <test-method signature="verifyAdminLoginTest()[pri:0, instance:com_taskMaster_adminTest.AdminLoginTest@4d1c00d0]" started-at="2025-04-16T12:23:11 IST" name="verifyAdminLoginTest" finished-at="2025-04-16T12:23:27 IST" duration-ms="15768" status="PASS">
          <reporter-output>
          </reporter-output>
        </test-method> <!-- verifyAdminLoginTest -->
      </class> <!-- com_taskMaster_adminTest.AdminLoginTest -->
    </test> <!-- Default test -->
  </suite> <!-- Default suite -->
</testng-results>
